0 info it worked if it ends with ok
1 verbose cli [ '/usr/local/bin/node',
1 verbose cli   '/Users/matthewburfield/.node/bin/npm',
1 verbose cli   'run',
1 verbose cli   'test:single' ]
2 info using npm@4.1.1
3 info using node@v6.9.2
4 verbose run-script [ 'pretest:single', 'test:single', 'posttest:single' ]
5 info lifecycle matthew-burfield-starwars-names@0.0.0-development~pretest:single: matthew-burfield-starwars-names@0.0.0-development
6 silly lifecycle matthew-burfield-starwars-names@0.0.0-development~pretest:single: no script for pretest:single, continuing
7 info lifecycle matthew-burfield-starwars-names@0.0.0-development~test:single: matthew-burfield-starwars-names@0.0.0-development
8 verbose lifecycle matthew-burfield-starwars-names@0.0.0-development~test:single: unsafe-perm in lifecycle true
9 verbose lifecycle matthew-burfield-starwars-names@0.0.0-development~test:single: PATH: /Users/matthewburfield/.node/lib/node_modules/npm/bin/node-gyp-bin:/Users/matthewburfield/Development/microlibrary/node_modules/.bin:/Users/matthewburfield/Development/microlibrary/node_modules/.bin:/usr/local/Cellar/git/2.13.0/libexec/git-core:/Users/matthewburfield/.node/bin:/usr/local/bin:/usr/local/sbin:/usr/bin:/bin:/usr/sbin:/sbin:/opt/X11/bin:/Users/matthewburfield/.node/bin:/Users/matthewburfield/Library/Android/sdk/tools:/Users/matthewburfield/Library/Android/sdk/platform-tools
10 verbose lifecycle matthew-burfield-starwars-names@0.0.0-development~test:single: CWD: /Users/matthewburfield/Development/microlibrary
11 silly lifecycle matthew-burfield-starwars-names@0.0.0-development~test:single: Args: [ '-c', 'mocha src/index.test.js' ]
12 silly lifecycle matthew-burfield-starwars-names@0.0.0-development~test:single: Returned: code: 1  signal: null
13 info lifecycle matthew-burfield-starwars-names@0.0.0-development~test:single: Failed to exec test:single script
14 verbose stack Error: matthew-burfield-starwars-names@0.0.0-development test:single: `mocha src/index.test.js`
14 verbose stack Exit status 1
14 verbose stack     at EventEmitter.<anonymous> (/Users/matthewburfield/.node/lib/node_modules/npm/lib/utils/lifecycle.js:279:16)
14 verbose stack     at emitTwo (events.js:106:13)
14 verbose stack     at EventEmitter.emit (events.js:191:7)
14 verbose stack     at ChildProcess.<anonymous> (/Users/matthewburfield/.node/lib/node_modules/npm/lib/utils/spawn.js:40:14)
14 verbose stack     at emitTwo (events.js:106:13)
14 verbose stack     at ChildProcess.emit (events.js:191:7)
14 verbose stack     at maybeClose (internal/child_process.js:877:16)
14 verbose stack     at Process.ChildProcess._handle.onexit (internal/child_process.js:226:5)
15 verbose pkgid matthew-burfield-starwars-names@0.0.0-development
16 verbose cwd /Users/matthewburfield/Development/microlibrary
17 error Darwin 16.6.0
18 error argv "/usr/local/bin/node" "/Users/matthewburfield/.node/bin/npm" "run" "test:single"
19 error node v6.9.2
20 error npm  v4.1.1
21 error code ELIFECYCLE
22 error matthew-burfield-starwars-names@0.0.0-development test:single: `mocha src/index.test.js`
22 error Exit status 1
23 error Failed at the matthew-burfield-starwars-names@0.0.0-development test:single script 'mocha src/index.test.js'.
23 error Make sure you have the latest version of node.js and npm installed.
23 error If you do, this is most likely a problem with the matthew-burfield-starwars-names package,
23 error not with npm itself.
23 error Tell the author that this fails on your system:
23 error     mocha src/index.test.js
23 error You can get information on how to open an issue for this project with:
23 error     npm bugs matthew-burfield-starwars-names
23 error Or if that isn't available, you can get their info via:
23 error     npm owner ls matthew-burfield-starwars-names
23 error There is likely additional logging output above.
24 verbose exit [ 1, true ]
